Jul-06 16:49:08.973 [main] DEBUG nextflow.cli.Launcher - $> nextflow run FindTroll_core.nf
Jul-06 16:49:09.094 [main] INFO  nextflow.cli.CmdRun - N E X T F L O W  ~  version 22.04.0
Jul-06 16:49:09.294 [main] INFO  nextflow.cli.CmdRun - Launching `FindTroll_core.nf` [zen_cuvier] DSL2 - revision: 5dfa18fc3b
Jul-06 16:49:09.330 [main] DEBUG nextflow.plugin.PluginsFacade - Setting up plugin manager > mode=prod; plugins-dir=/Users/krsaet/.nextflow/plugins; core-plugins: nf-amazon@1.7.1,nf-azure@0.13.1,nf-console@1.0.3,nf-ga4gh@1.0.3,nf-google@1.1.4,nf-sqldb@0.4.0,nf-tower@1.4.0
Jul-06 16:49:09.334 [main] DEBUG nextflow.plugin.PluginsFacade - Plugins default=[]
Jul-06 16:49:09.369 [main] INFO  org.pf4j.DefaultPluginStatusProvider - Enabled plugins: []
Jul-06 16:49:09.370 [main] INFO  org.pf4j.DefaultPluginStatusProvider - Disabled plugins: []
Jul-06 16:49:09.382 [main] INFO  org.pf4j.DefaultPluginManager - PF4J version 3.4.1 in 'deployment' mode
Jul-06 16:49:09.415 [main] INFO  org.pf4j.AbstractPluginManager - No plugins
Jul-06 16:49:09.534 [main] DEBUG nextflow.Session - Session uuid: 9ece6bd1-f8dd-4978-bd23-12bd71c0c850
Jul-06 16:49:09.534 [main] DEBUG nextflow.Session - Run name: zen_cuvier
Jul-06 16:49:09.548 [main] DEBUG nextflow.Session - Executor pool size: 8
Jul-06 16:49:09.751 [main] DEBUG nextflow.cli.CmdRun - 
  Version: 22.04.0 build 5697
  Created: 23-04-2022 18:00 UTC (20:00 CEST)
  System: Mac OS X 12.4
  Runtime: Groovy 3.0.10 on OpenJDK 64-Bit Server VM 11.0.13+7-b1751.21
  Encoding: UTF-8 (UTF-8)
  Process: 44404@n188-p192.eduroam.kth.se [130.229.188.192]
  CPUs: 8 - Mem: 16 GB (32.7 MB) - Swap: 13 GB (855.2 MB)
Jul-06 16:49:09.792 [main] DEBUG nextflow.Session - Work-dir: /Users/krsaet/Desktop/git/FindTroll_nextflow/work [Mac OS X]
Jul-06 16:49:09.793 [main] DEBUG nextflow.Session - Script base path does not exist or is not a directory: /Users/krsaet/Desktop/git/FindTroll_nextflow/bin
Jul-06 16:49:09.806 [main] DEBUG nextflow.executor.ExecutorFactory - Extension executors providers=[]
Jul-06 16:49:09.847 [main] DEBUG nextflow.Session - Observer factory: DefaultObserverFactory
Jul-06 16:49:09.936 [main] DEBUG nextflow.cache.CacheFactory - Using Nextflow cache factory: nextflow.cache.DefaultCacheFactory
Jul-06 16:49:09.959 [main] DEBUG nextflow.util.CustomThreadPool - Creating default thread pool > poolSize: 9; maxThreads: 1000
Jul-06 16:49:10.087 [main] DEBUG nextflow.Session - Session start invoked
Jul-06 16:49:12.300 [main] DEBUG nextflow.script.ScriptRunner - > Launching execution
Jul-06 16:49:12.554 [main] WARN  nextflow.script.ScriptBinding - Access to undefined parameter `VEP_path` -- Initialise it to a default value eg. `params.VEP_path = some_value`
Jul-06 16:49:12.583 [main] DEBUG nextflow.Session - Session aborted -- Cause: Missing workflow definition - DSL2 requires at least a workflow block in the main script
Jul-06 16:49:12.646 [main] DEBUG nextflow.cli.Launcher - Operation aborted
nextflow.exception.AbortOperationException: Missing workflow definition - DSL2 requires at least a workflow block in the main script
	at java.base/jdk.internal.reflect.NativeConstructorAccessorImpl.newInstance0(Native Method)
	at java.base/jdk.internal.reflect.NativeConstructorAccessorImpl.newInstance(NativeConstructorAccessorImpl.java:62)
	at java.base/jdk.internal.reflect.DelegatingConstructorAccessorImpl.newInstance(DelegatingConstructorAccessorImpl.java:45)
	at java.base/java.lang.reflect.Constructor.newInstance(Constructor.java:490)
	at org.codehaus.groovy.reflection.CachedConstructor.invoke(CachedConstructor.java:72)
	at org.codehaus.groovy.runtime.callsite.ConstructorSite$ConstructorSiteNoUnwrapNoCoerce.callConstructor(ConstructorSite.java:105)
	at org.codehaus.groovy.runtime.callsite.CallSiteArray.defaultCallConstructor(CallSiteArray.java:59)
	at org.codehaus.groovy.runtime.callsite.AbstractCallSite.callConstructor(AbstractCallSite.java:263)
	at org.codehaus.groovy.runtime.callsite.AbstractCallSite.callConstructor(AbstractCallSite.java:277)
	at nextflow.script.BaseScript.runDsl2(BaseScript.groovy:188)
	at nextflow.script.BaseScript.run(BaseScript.groovy:203)
	at nextflow.script.ScriptParser.runScript(ScriptParser.groovy:220)
	at nextflow.script.ScriptRunner.run(ScriptRunner.groovy:212)
	at nextflow.script.ScriptRunner.execute(ScriptRunner.groovy:120)
	at nextflow.cli.CmdRun.run(CmdRun.groovy:334)
	at nextflow.cli.Launcher.run(Launcher.groovy:480)
	at nextflow.cli.Launcher.main(Launcher.groovy:639)
